<?xml version="1.0" encoding="UTF-8"?>
<testsuite name="com.ouu99.book.springboot.web.IndexControllerTest" tests="1" skipped="0" failures="0" errors="0" timestamp="2021-07-02T11:26:55" hostname="20203KDH" time="0.248">
  <properties/>
  <testcase name="메인페이지_로딩" classname="com.ouu99.book.springboot.web.IndexControllerTest" time="0.248"/>
  <system-out><![CDATA[2021-07-02 20:26:51.782  INFO 95144 --- [    Test worker] .b.t.c.SpringBootTestContextBootstrapper : Neither @ContextConfiguration nor @ContextHierarchy found for test class [com.ouu99.book.springboot.web.IndexControllerTest], using SpringBootContextLoader
2021-07-02 20:26:51.784  INFO 95144 --- [    Test worker] o.s.t.c.support.AbstractContextLoader    : Could not detect default resource locations for test class [com.ouu99.book.springboot.web.IndexControllerTest]: no resource found for suffixes {-context.xml, Context.groovy}.
2021-07-02 20:26:51.785  INFO 95144 --- [    Test worker] t.c.s.AnnotationConfigContextLoaderUtils : Could not detect default configuration classes for test class [com.ouu99.book.springboot.web.IndexControllerTest]: IndexControllerTest does not declare any static, non-private, non-final, nested classes annotated with @Configuration.
2021-07-02 20:26:51.788  INFO 95144 --- [    Test worker] .b.t.c.SpringBootTestContextBootstrapper : Found @SpringBootConfiguration com.ouu99.book.springboot.Application for test class com.ouu99.book.springboot.web.IndexControllerTest
2021-07-02 20:26:51.790  INFO 95144 --- [    Test worker] .b.t.c.SpringBootTestContextBootstrapper : Loaded default TestExecutionListener class names from location [META-INF/spring.factories]: [org.springframework.security.test.context.support.WithSecurityContextTestExecutionListener, org.springframework.security.test.context.support.ReactorContextTestExecutionListener, org.springframework.boot.test.autoconfigure.restdocs.RestDocsTestExecutionListener, org.springframework.boot.test.autoconfigure.web.client.MockRestServiceServerResetTestExecutionListener, org.springframework.boot.test.autoconfigure.web.servlet.MockMvcPrintOnlyOnFailureTestExecutionListener, org.springframework.boot.test.autoconfigure.web.servlet.WebDriverTestExecutionListener, org.springframework.boot.test.mock.mockito.MockitoTestExecutionListener, org.springframework.boot.test.mock.mockito.ResetMocksTestExecutionListener, org.springframework.test.context.web.ServletTestExecutionListener, org.springframework.test.context.support.DirtiesContextBeforeModesTestExecutionListener, org.springframework.test.context.support.DependencyInjectionTestExecutionListener, org.springframework.test.context.support.DirtiesContextTestExecutionListener, org.springframework.test.context.transaction.TransactionalTestExecutionListener, org.springframework.test.context.jdbc.SqlScriptsTestExecutionListener]
2021-07-02 20:26:51.793  INFO 95144 --- [    Test worker] .b.t.c.SpringBootTestContextBootstrapper : Using TestExecutionListeners: [org.springframework.test.context.web.ServletTestExecutionListener@3bd0b995, org.springframework.test.context.support.DirtiesContextBeforeModesTestExecutionListener@5129c720, org.springframework.boot.test.mock.mockito.MockitoTestExecutionListener@2759400f, org.springframework.boot.test.autoconfigure.SpringBootDependencyInjectionTestExecutionListener@7783773d, org.springframework.test.context.support.DirtiesContextTestExecutionListener@49a16449, org.springframework.test.context.transaction.TransactionalTestExecutionListener@56aeaa9a, org.springframework.test.context.jdbc.SqlScriptsTestExecutionListener@3b1ad178, org.springframework.security.test.context.support.WithSecurityContextTestExecutionListener@57cc73b9, org.springframework.security.test.context.support.ReactorContextTestExecutionListener@158dc625, org.springframework.boot.test.autoconfigure.restdocs.RestDocsTestExecutionListener@36d44474, org.springframework.boot.test.autoconfigure.web.client.MockRestServiceServerResetTestExecutionListener@5ba8d2c7, org.springframework.boot.test.autoconfigure.web.servlet.MockMvcPrintOnlyOnFailureTestExecutionListener@6f4d33b0, org.springframework.boot.test.autoconfigure.web.servlet.WebDriverTestExecutionListener@148a7c92, org.springframework.boot.test.mock.mockito.ResetMocksTestExecutionListener@697d93]

  .   ____          _            __ _ _
 /\\ / ___'_ __ _ _(_)_ __  __ _ \ \ \ \
( ( )\___ | '_ | '_| | '_ \/ _` | \ \ \ \
 \\/  ___)| |_)| | | | | || (_| |  ) ) ) )
  '  |____| .__|_| |_|_| |_\__, | / / / /
 =========|_|==============|___/=/_/_/_/
 :: Spring Boot ::        (v2.1.9.RELEASE)

2021-07-02 20:26:51.872  INFO 95144 --- [    Test worker] c.o.b.s.web.IndexControllerTest          : Starting IndexControllerTest on 20203kdh with PID 95144 (started by 2203kdh in C:\Users\2203kdh\Documents\GitHub\Java-Spring\aws-spring-book)
2021-07-02 20:26:51.873  INFO 95144 --- [    Test worker] c.o.b.s.web.IndexControllerTest          : No active profile set, falling back to default profiles: default
2021-07-02 20:26:52.353  INFO 95144 --- [    Test worker] .s.d.r.c.RepositoryConfigurationDelegate : Bootstrapping Spring Data repositories in DEFAULT mode.
2021-07-02 20:26:52.435  INFO 95144 --- [    Test worker] .s.d.r.c.RepositoryConfigurationDelegate : Finished Spring Data repository scanning in 81ms. Found 2 repository interfaces.
2021-07-02 20:26:52.628  INFO 95144 --- [    Test worker] trationDelegate$BeanPostProcessorChecker : Bean 'org.springframework.transaction.annotation.ProxyTransactionManagementConfiguration' of type [org.springframework.transaction.annotation.ProxyTransactionManagementConfiguration$$EnhancerBySpringCGLIB$$5a68f639] is not eligible for getting processed by all BeanPostProcessors (for example: not eligible for auto-proxying)
2021-07-02 20:26:53.175  INFO 95144 --- [    Test worker] o.s.b.w.embedded.tomcat.TomcatWebServer  : Tomcat initialized with port(s): 0 (http)
2021-07-02 20:26:53.230  INFO 95144 --- [    Test worker] o.apache.catalina.core.StandardService   : Starting service [Tomcat]
2021-07-02 20:26:53.230  INFO 95144 --- [    Test worker] org.apache.catalina.core.StandardEngine  : Starting Servlet engine: [Apache Tomcat/9.0.26]
2021-07-02 20:26:53.609  INFO 95144 --- [    Test worker] o.a.c.c.C.[Tomcat].[localhost].[/]       : Initializing Spring embedded WebApplicationContext
2021-07-02 20:26:53.609  INFO 95144 --- [    Test worker] o.s.web.context.ContextLoader            : Root WebApplicationContext: initialization completed in 1731 ms
2021-07-02 20:26:53.887  INFO 95144 --- [    Test worker] com.zaxxer.hikari.HikariDataSource       : HikariPool-2 - Starting...
2021-07-02 20:26:53.889  INFO 95144 --- [    Test worker] com.zaxxer.hikari.HikariDataSource       : HikariPool-2 - Start completed.
2021-07-02 20:26:53.976  INFO 95144 --- [    Test worker] o.hibernate.jpa.internal.util.LogHelper  : HHH000204: Processing PersistenceUnitInfo [
	name: default
	...]
2021-07-02 20:26:54.003  INFO 95144 --- [    Test worker] org.hibernate.dialect.Dialect            : HHH000400: Using dialect: org.hibernate.dialect.MySQL5InnoDBDialect
Hibernate: drop table if exists posts
Hibernate: drop table if exists user
Hibernate: create table posts (id bigint not null auto_increment, created_date datetime, modified_date datetime, author varchar(255), content TEXT not null, title varchar(500) not null, primary key (id)) engine=InnoDB
Hibernate: create table user (id bigint not null auto_increment, created_date datetime, modified_date datetime, email varchar(255) not null, name varchar(255) not null, picture varchar(255), role varchar(255) not null, primary key (id)) engine=InnoDB
2021-07-02 20:26:54.119  INFO 95144 --- [    Test worker] o.h.t.schema.internal.SchemaCreatorImpl  : HHH000476: Executing import script 'org.hibernate.tool.schema.internal.exec.ScriptSourceInputNonExistentImpl@524e822f'
2021-07-02 20:26:54.120  INFO 95144 --- [    Test worker] j.LocalContainerEntityManagerFactoryBean : Initialized JPA EntityManagerFactory for persistence unit 'default'
2021-07-02 20:26:54.641  INFO 95144 --- [    Test worker] o.h.h.i.QueryTranslatorFactoryInitiator  : HHH000397: Using ASTQueryTranslatorFactory
2021-07-02 20:26:54.894  INFO 95144 --- [    Test worker] o.s.s.web.DefaultSecurityFilterChain     : Creating filter chain: any request, [org.springframework.security.web.context.request.async.WebAsyncManagerIntegrationFilter@5f3a3dbc, org.springframework.security.web.context.SecurityContextPersistenceFilter@1bf3097d, org.springframework.security.web.header.HeaderWriterFilter@30bd8fbb, org.springframework.security.web.authentication.logout.LogoutFilter@3393ac83, org.springframework.security.oauth2.client.web.OAuth2AuthorizationRequestRedirectFilter@6484934, org.springframework.security.oauth2.client.web.OAuth2LoginAuthenticationFilter@46fdf478, org.springframework.security.web.authentication.ui.DefaultLoginPageGeneratingFilter@30a8e30a, org.springframework.security.web.authentication.ui.DefaultLogoutPageGeneratingFilter@54879199, org.springframework.security.web.savedrequest.RequestCacheAwareFilter@62ed18a9, org.springframework.security.web.servletapi.SecurityContextHolderAwareRequestFilter@3ef18318, org.springframework.security.web.authentication.AnonymousAuthenticationFilter@10c273d4, org.springframework.security.web.session.SessionManagementFilter@c5040ec, org.springframework.security.web.access.ExceptionTranslationFilter@35098ddf, org.springframework.security.web.access.intercept.FilterSecurityInterceptor@4ff889d3]
2021-07-02 20:26:55.155  INFO 95144 --- [    Test worker] o.s.s.concurrent.ThreadPoolTaskExecutor  : Initializing ExecutorService 'applicationTaskExecutor'
2021-07-02 20:26:55.171  WARN 95144 --- [    Test worker] aWebConfiguration$JpaWebMvcConfiguration : spring.jpa.open-in-view is enabled by default. Therefore, database queries may be performed during view rendering. Explicitly configure spring.jpa.open-in-view to disable this warning
2021-07-02 20:26:55.214  INFO 95144 --- [    Test worker] o.s.b.a.w.s.WelcomePageHandlerMapping    : Adding welcome page template: index
2021-07-02 20:26:55.624  INFO 95144 --- [    Test worker] s.a.ScheduledAnnotationBeanPostProcessor : No TaskScheduler/ScheduledExecutorService bean found for scheduled processing
2021-07-02 20:26:55.650  INFO 95144 --- [    Test worker] o.s.b.w.embedded.tomcat.TomcatWebServer  : Tomcat started on port(s): 52841 (http) with context path ''
2021-07-02 20:26:55.651  INFO 95144 --- [    Test worker] c.o.b.s.web.IndexControllerTest          : Started IndexControllerTest in 3.855 seconds (JVM running for 19.873)
2021-07-02 20:26:55.782  INFO 95144 --- [o-auto-1-exec-1] o.a.c.c.C.[Tomcat].[localhost].[/]       : Initializing Spring DispatcherServlet 'dispatcherServlet'
2021-07-02 20:26:55.782  INFO 95144 --- [o-auto-1-exec-1] o.s.web.servlet.DispatcherServlet        : Initializing Servlet 'dispatcherServlet'
2021-07-02 20:26:55.805  INFO 95144 --- [o-auto-1-exec-1] o.s.web.servlet.DispatcherServlet        : Completed initialization in 23 ms
Hibernate: select posts0_.id as id1_0_, posts0_.created_date as created_2_0_, posts0_.modified_date as modified3_0_, posts0_.author as author4_0_, posts0_.content as content5_0_, posts0_.title as title6_0_ from posts posts0_ order by posts0_.id DESC
]]></system-out>
  <system-err><![CDATA[]]></system-err>
</testsuite>
