<?xml version="1.0" encoding="UTF-8"?>
<testsuite name="com.ouu99.book.springboot.web.HelloControllerTest" tests="2" skipped="0" failures="0" errors="0" timestamp="2021-07-02T11:26:51" hostname="20203KDH" time="0.264">
  <properties/>
  <testcase name="hello가_리턴된다" classname="com.ouu99.book.springboot.web.HelloControllerTest" time="0.106"/>
  <testcase name="helloDto가_리턴된다" classname="com.ouu99.book.springboot.web.HelloControllerTest" time="0.157"/>
  <system-out><![CDATA[2021-07-02 20:26:49.599  INFO 95144 --- [    Test worker] .b.t.a.w.s.WebMvcTestContextBootstrapper : Neither @ContextConfiguration nor @ContextHierarchy found for test class [com.ouu99.book.springboot.web.HelloControllerTest], using SpringBootContextLoader
2021-07-02 20:26:49.599  INFO 95144 --- [    Test worker] o.s.t.c.support.AbstractContextLoader    : Could not detect default resource locations for test class [com.ouu99.book.springboot.web.HelloControllerTest]: no resource found for suffixes {-context.xml, Context.groovy}.
2021-07-02 20:26:49.600  INFO 95144 --- [    Test worker] t.c.s.AnnotationConfigContextLoaderUtils : Could not detect default configuration classes for test class [com.ouu99.book.springboot.web.HelloControllerTest]: HelloControllerTest does not declare any static, non-private, non-final, nested classes annotated with @Configuration.
2021-07-02 20:26:49.633  INFO 95144 --- [    Test worker] .b.t.c.SpringBootTestContextBootstrapper : Found @SpringBootConfiguration com.ouu99.book.springboot.Application for test class com.ouu99.book.springboot.web.HelloControllerTest
2021-07-02 20:26:49.634  INFO 95144 --- [    Test worker] .b.t.a.w.s.WebMvcTestContextBootstrapper : Loaded default TestExecutionListener class names from location [META-INF/spring.factories]: [org.springframework.security.test.context.support.WithSecurityContextTestExecutionListener, org.springframework.security.test.context.support.ReactorContextTestExecutionListener, org.springframework.boot.test.autoconfigure.restdocs.RestDocsTestExecutionListener, org.springframework.boot.test.autoconfigure.web.client.MockRestServiceServerResetTestExecutionListener, org.springframework.boot.test.autoconfigure.web.servlet.MockMvcPrintOnlyOnFailureTestExecutionListener, org.springframework.boot.test.autoconfigure.web.servlet.WebDriverTestExecutionListener, org.springframework.boot.test.mock.mockito.MockitoTestExecutionListener, org.springframework.boot.test.mock.mockito.ResetMocksTestExecutionListener, org.springframework.test.context.web.ServletTestExecutionListener, org.springframework.test.context.support.DirtiesContextBeforeModesTestExecutionListener, org.springframework.test.context.support.DependencyInjectionTestExecutionListener, org.springframework.test.context.support.DirtiesContextTestExecutionListener, org.springframework.test.context.transaction.TransactionalTestExecutionListener, org.springframework.test.context.jdbc.SqlScriptsTestExecutionListener]
2021-07-02 20:26:49.636  INFO 95144 --- [    Test worker] .b.t.a.w.s.WebMvcTestContextBootstrapper : Using TestExecutionListeners: [org.springframework.test.context.web.ServletTestExecutionListener@1fbe1992, org.springframework.test.context.support.DirtiesContextBeforeModesTestExecutionListener@23e61577, org.springframework.boot.test.mock.mockito.MockitoTestExecutionListener@47ada164, org.springframework.boot.test.autoconfigure.SpringBootDependencyInjectionTestExecutionListener@4b293bc1, org.springframework.test.context.support.DirtiesContextTestExecutionListener@2434c9bf, org.springframework.test.context.transaction.TransactionalTestExecutionListener@37ea2de3, org.springframework.test.context.jdbc.SqlScriptsTestExecutionListener@1de61cfb, org.springframework.security.test.context.support.WithSecurityContextTestExecutionListener@1f13dbb5, org.springframework.security.test.context.support.ReactorContextTestExecutionListener@1de890d9, org.springframework.boot.test.autoconfigure.restdocs.RestDocsTestExecutionListener@7b8b33b2, org.springframework.boot.test.autoconfigure.web.client.MockRestServiceServerResetTestExecutionListener@56a7f9fc, org.springframework.boot.test.autoconfigure.web.servlet.MockMvcPrintOnlyOnFailureTestExecutionListener@57e84eee, org.springframework.boot.test.autoconfigure.web.servlet.WebDriverTestExecutionListener@e5f6292, org.springframework.boot.test.mock.mockito.ResetMocksTestExecutionListener@2c6bd648]

  .   ____          _            __ _ _
 /\\ / ___'_ __ _ _(_)_ __  __ _ \ \ \ \
( ( )\___ | '_ | '_| | '_ \/ _` | \ \ \ \
 \\/  ___)| |_)| | | | | || (_| |  ) ) ) )
  '  |____| .__|_| |_|_| |_\__, | / / / /
 =========|_|==============|___/=/_/_/_/
 :: Spring Boot ::        (v2.1.9.RELEASE)

2021-07-02 20:26:49.708  INFO 95144 --- [    Test worker] c.o.b.s.web.HelloControllerTest          : Starting HelloControllerTest on 20203kdh with PID 95144 (started by 2203kdh in C:\Users\2203kdh\Documents\GitHub\Java-Spring\aws-spring-book)
2021-07-02 20:26:49.710  INFO 95144 --- [    Test worker] c.o.b.s.web.HelloControllerTest          : No active profile set, falling back to default profiles: default
2021-07-02 20:26:50.677  INFO 95144 --- [    Test worker] o.s.s.concurrent.ThreadPoolTaskExecutor  : Initializing ExecutorService 'applicationTaskExecutor'
2021-07-02 20:26:50.747  INFO 95144 --- [    Test worker] o.s.b.a.w.s.WelcomePageHandlerMapping    : Adding welcome page template: index
2021-07-02 20:26:51.126  INFO 95144 --- [    Test worker] .s.s.UserDetailsServiceAutoConfiguration : 

Using generated security password: 8592a512-b980-4159-987a-e168809652e9

2021-07-02 20:26:51.382  INFO 95144 --- [    Test worker] o.s.s.web.DefaultSecurityFilterChain     : Creating filter chain: any request, [org.springframework.security.web.context.request.async.WebAsyncManagerIntegrationFilter@66ab619d, org.springframework.security.web.context.SecurityContextPersistenceFilter@38b68f07, org.springframework.security.web.header.HeaderWriterFilter@3542a820, org.springframework.security.web.csrf.CsrfFilter@b4c8971, org.springframework.security.web.authentication.logout.LogoutFilter@593973c3, org.springframework.security.web.authentication.UsernamePasswordAuthenticationFilter@444baf0e, org.springframework.security.web.authentication.ui.DefaultLoginPageGeneratingFilter@18cd0fd1, org.springframework.security.web.authentication.ui.DefaultLogoutPageGeneratingFilter@b0b3b51, org.springframework.security.web.authentication.www.BasicAuthenticationFilter@23e9d0c8, org.springframework.security.web.savedrequest.RequestCacheAwareFilter@370ca5cd, org.springframework.security.web.servletapi.SecurityContextHolderAwareRequestFilter@17af08a4, org.springframework.security.web.authentication.AnonymousAuthenticationFilter@6609c568, org.springframework.security.web.session.SessionManagementFilter@5aaab8f8, org.springframework.security.web.access.ExceptionTranslationFilter@1273a8d4, org.springframework.security.web.access.intercept.FilterSecurityInterceptor@655129bc]
2021-07-02 20:26:51.441  INFO 95144 --- [    Test worker] o.s.b.t.m.w.SpringBootMockServletContext : Initializing Spring TestDispatcherServlet ''
2021-07-02 20:26:51.441  INFO 95144 --- [    Test worker] o.s.t.web.servlet.TestDispatcherServlet  : Initializing Servlet ''
2021-07-02 20:26:51.463  INFO 95144 --- [    Test worker] o.s.t.web.servlet.TestDispatcherServlet  : Completed initialization in 21 ms
2021-07-02 20:26:51.509  INFO 95144 --- [    Test worker] c.o.b.s.web.HelloControllerTest          : Started HelloControllerTest in 1.869 seconds (JVM running for 15.731)
]]></system-out>
  <system-err><![CDATA[]]></system-err>
</testsuite>
