<?xml version="1.0" encoding="UTF-8"?>
<testsuite name="com.ouu99.book.springboot.web.domain.posts.PostsRepositoryTest" tests="2" skipped="0" failures="0" errors="0" timestamp="2021-07-01T11:03:33" hostname="20203KDH" time="0.157">
  <properties/>
  <testcase name="게시글저장_불러오기" classname="com.ouu99.book.springboot.web.domain.posts.PostsRepositoryTest" time="0.139"/>
  <testcase name="BaseTimeEntity_등록" classname="com.ouu99.book.springboot.web.domain.posts.PostsRepositoryTest" time="0.017"/>
  <system-out><![CDATA[2021-07-01 20:03:30.765  INFO 23352 --- [    Test worker] .b.t.c.SpringBootTestContextBootstrapper : Neither @ContextConfiguration nor @ContextHierarchy found for test class [com.ouu99.book.springboot.web.domain.posts.PostsRepositoryTest], using SpringBootContextLoader
2021-07-01 20:03:30.768  INFO 23352 --- [    Test worker] o.s.t.c.support.AbstractContextLoader    : Could not detect default resource locations for test class [com.ouu99.book.springboot.web.domain.posts.PostsRepositoryTest]: no resource found for suffixes {-context.xml, Context.groovy}.
2021-07-01 20:03:30.769  INFO 23352 --- [    Test worker] t.c.s.AnnotationConfigContextLoaderUtils : Could not detect default configuration classes for test class [com.ouu99.book.springboot.web.domain.posts.PostsRepositoryTest]: PostsRepositoryTest does not declare any static, non-private, non-final, nested classes annotated with @Configuration.
2021-07-01 20:03:30.801  INFO 23352 --- [    Test worker] .b.t.c.SpringBootTestContextBootstrapper : Found @SpringBootConfiguration com.ouu99.book.springboot.Application for test class com.ouu99.book.springboot.web.domain.posts.PostsRepositoryTest
2021-07-01 20:03:30.803  INFO 23352 --- [    Test worker] .b.t.c.SpringBootTestContextBootstrapper : Loaded default TestExecutionListener class names from location [META-INF/spring.factories]: [org.springframework.security.test.context.support.WithSecurityContextTestExecutionListener, org.springframework.security.test.context.support.ReactorContextTestExecutionListener, org.springframework.boot.test.autoconfigure.restdocs.RestDocsTestExecutionListener, org.springframework.boot.test.autoconfigure.web.client.MockRestServiceServerResetTestExecutionListener, org.springframework.boot.test.autoconfigure.web.servlet.MockMvcPrintOnlyOnFailureTestExecutionListener, org.springframework.boot.test.autoconfigure.web.servlet.WebDriverTestExecutionListener, org.springframework.boot.test.mock.mockito.MockitoTestExecutionListener, org.springframework.boot.test.mock.mockito.ResetMocksTestExecutionListener, org.springframework.test.context.web.ServletTestExecutionListener, org.springframework.test.context.support.DirtiesContextBeforeModesTestExecutionListener, org.springframework.test.context.support.DependencyInjectionTestExecutionListener, org.springframework.test.context.support.DirtiesContextTestExecutionListener, org.springframework.test.context.transaction.TransactionalTestExecutionListener, org.springframework.test.context.jdbc.SqlScriptsTestExecutionListener]
2021-07-01 20:03:30.807  INFO 23352 --- [    Test worker] .b.t.c.SpringBootTestContextBootstrapper : Using TestExecutionListeners: [org.springframework.test.context.web.ServletTestExecutionListener@15a74a9f, org.springframework.test.context.support.DirtiesContextBeforeModesTestExecutionListener@2621baf1, org.springframework.boot.test.mock.mockito.MockitoTestExecutionListener@105d4cb0, org.springframework.boot.test.autoconfigure.SpringBootDependencyInjectionTestExecutionListener@6d92416c, org.springframework.test.context.support.DirtiesContextTestExecutionListener@424e1df3, org.springframework.test.context.transaction.TransactionalTestExecutionListener@6993c179, org.springframework.test.context.jdbc.SqlScriptsTestExecutionListener@13d12837, org.springframework.security.test.context.support.WithSecurityContextTestExecutionListener@6c378200, org.springframework.security.test.context.support.ReactorContextTestExecutionListener@5e24bbf0, org.springframework.boot.test.autoconfigure.restdocs.RestDocsTestExecutionListener@29cb2144, org.springframework.boot.test.autoconfigure.web.client.MockRestServiceServerResetTestExecutionListener@334124da, org.springframework.boot.test.autoconfigure.web.servlet.MockMvcPrintOnlyOnFailureTestExecutionListener@63368730, org.springframework.boot.test.autoconfigure.web.servlet.WebDriverTestExecutionListener@18b64b9d, org.springframework.boot.test.mock.mockito.ResetMocksTestExecutionListener@680788ce]

  .   ____          _            __ _ _
 /\\ / ___'_ __ _ _(_)_ __  __ _ \ \ \ \
( ( )\___ | '_ | '_| | '_ \/ _` | \ \ \ \
 \\/  ___)| |_)| | | | | || (_| |  ) ) ) )
  '  |____| .__|_| |_|_| |_\__, | / / / /
 =========|_|==============|___/=/_/_/_/
 :: Spring Boot ::        (v2.1.9.RELEASE)

2021-07-01 20:03:30.881  INFO 23352 --- [    Test worker] c.o.b.s.w.d.posts.PostsRepositoryTest    : Starting PostsRepositoryTest on 20203kdh with PID 23352 (started by 2203kdh in C:\Users\2203kdh\Documents\GitHub\Java-Spring\aws-spring-book)
2021-07-01 20:03:30.881  INFO 23352 --- [    Test worker] c.o.b.s.w.d.posts.PostsRepositoryTest    : No active profile set, falling back to default profiles: default
2021-07-01 20:03:31.280  INFO 23352 --- [    Test worker] .s.d.r.c.RepositoryConfigurationDelegate : Bootstrapping Spring Data repositories in DEFAULT mode.
2021-07-01 20:03:31.329  INFO 23352 --- [    Test worker] .s.d.r.c.RepositoryConfigurationDelegate : Finished Spring Data repository scanning in 49ms. Found 2 repository interfaces.
2021-07-01 20:03:31.489  INFO 23352 --- [    Test worker] trationDelegate$BeanPostProcessorChecker : Bean 'org.springframework.transaction.annotation.ProxyTransactionManagementConfiguration' of type [org.springframework.transaction.annotation.ProxyTransactionManagementConfiguration$$EnhancerBySpringCGLIB$$e872b26d] is not eligible for getting processed by all BeanPostProcessors (for example: not eligible for auto-proxying)
2021-07-01 20:03:31.630  INFO 23352 --- [    Test worker] com.zaxxer.hikari.HikariDataSource       : HikariPool-2 - Starting...
2021-07-01 20:03:31.640  INFO 23352 --- [    Test worker] com.zaxxer.hikari.HikariDataSource       : HikariPool-2 - Start completed.
2021-07-01 20:03:31.709  INFO 23352 --- [    Test worker] o.hibernate.jpa.internal.util.LogHelper  : HHH000204: Processing PersistenceUnitInfo [
	name: default
	...]
2021-07-01 20:03:31.732  INFO 23352 --- [    Test worker] org.hibernate.dialect.Dialect            : HHH000400: Using dialect: org.hibernate.dialect.MySQL5InnoDBDialect
Hibernate: drop table if exists posts
Hibernate: drop table if exists user
Hibernate: create table posts (id bigint not null auto_increment, created_date datetime, modified_date datetime, author varchar(255), content TEXT not null, title varchar(500) not null, primary key (id)) engine=InnoDB
Hibernate: create table user (id bigint not null auto_increment, created_date datetime, modified_date datetime, email varchar(255) not null, name varchar(255) not null, picture varchar(255), role varchar(255) not null, primary key (id)) engine=InnoDB
2021-07-01 20:03:31.832  INFO 23352 --- [    Test worker] o.h.t.schema.internal.SchemaCreatorImpl  : HHH000476: Executing import script 'org.hibernate.tool.schema.internal.exec.ScriptSourceInputNonExistentImpl@30470d3a'
2021-07-01 20:03:31.832  INFO 23352 --- [    Test worker] j.LocalContainerEntityManagerFactoryBean : Initialized JPA EntityManagerFactory for persistence unit 'default'
2021-07-01 20:03:32.216  INFO 23352 --- [    Test worker] o.h.h.i.QueryTranslatorFactoryInitiator  : HHH000397: Using ASTQueryTranslatorFactory
2021-07-01 20:03:32.467  INFO 23352 --- [    Test worker] o.s.s.web.DefaultSecurityFilterChain     : Creating filter chain: any request, [org.springframework.security.web.context.request.async.WebAsyncManagerIntegrationFilter@8334e40, org.springframework.security.web.context.SecurityContextPersistenceFilter@4b224bd0, org.springframework.security.web.header.HeaderWriterFilter@7d13e059, org.springframework.security.web.authentication.logout.LogoutFilter@68673e68, org.springframework.security.oauth2.client.web.OAuth2AuthorizationRequestRedirectFilter@50501cdd, org.springframework.security.oauth2.client.web.OAuth2LoginAuthenticationFilter@4fadf3b0, org.springframework.security.web.authentication.ui.DefaultLoginPageGeneratingFilter@31429f5b, org.springframework.security.web.authentication.ui.DefaultLogoutPageGeneratingFilter@16952d90, org.springframework.security.web.savedrequest.RequestCacheAwareFilter@4d3f504b, org.springframework.security.web.servletapi.SecurityContextHolderAwareRequestFilter@2fcc709d, org.springframework.security.web.authentication.AnonymousAuthenticationFilter@46f37d6b, org.springframework.security.web.session.SessionManagementFilter@2886d2c5, org.springframework.security.web.access.ExceptionTranslationFilter@7503976, org.springframework.security.web.access.intercept.FilterSecurityInterceptor@5fe82a1c]
2021-07-01 20:03:32.912  INFO 23352 --- [    Test worker] o.s.s.concurrent.ThreadPoolTaskExecutor  : Initializing ExecutorService 'applicationTaskExecutor'
2021-07-01 20:03:32.930  WARN 23352 --- [    Test worker] aWebConfiguration$JpaWebMvcConfiguration : spring.jpa.open-in-view is enabled by default. Therefore, database queries may be performed during view rendering. Explicitly configure spring.jpa.open-in-view to disable this warning
2021-07-01 20:03:32.979  INFO 23352 --- [    Test worker] o.s.b.a.w.s.WelcomePageHandlerMapping    : Adding welcome page template: index
2021-07-01 20:03:33.532  INFO 23352 --- [    Test worker] s.a.ScheduledAnnotationBeanPostProcessor : No TaskScheduler/ScheduledExecutorService bean found for scheduled processing
2021-07-01 20:03:33.535  INFO 23352 --- [    Test worker] c.o.b.s.w.d.posts.PostsRepositoryTest    : Started PostsRepositoryTest in 2.718 seconds (JVM running for 16.682)
Hibernate: insert into posts (created_date, modified_date, author, content, title) values (?, ?, ?, ?, ?)
Hibernate: select posts0_.id as id1_0_, posts0_.created_date as created_2_0_, posts0_.modified_date as modified3_0_, posts0_.author as author4_0_, posts0_.content as content5_0_, posts0_.title as title6_0_ from posts posts0_
Hibernate: select posts0_.id as id1_0_, posts0_.created_date as created_2_0_, posts0_.modified_date as modified3_0_, posts0_.author as author4_0_, posts0_.content as content5_0_, posts0_.title as title6_0_ from posts posts0_
Hibernate: delete from posts where id=?
Hibernate: insert into posts (created_date, modified_date, author, content, title) values (?, ?, ?, ?, ?)
Hibernate: select posts0_.id as id1_0_, posts0_.created_date as created_2_0_, posts0_.modified_date as modified3_0_, posts0_.author as author4_0_, posts0_.content as content5_0_, posts0_.title as title6_0_ from posts posts0_
>>>>>>>>> createDate=2021-07-01T20:03:33.692906, modifiedDate=2021-07-01T20:03:33.692906
Hibernate: select posts0_.id as id1_0_, posts0_.created_date as created_2_0_, posts0_.modified_date as modified3_0_, posts0_.author as author4_0_, posts0_.content as content5_0_, posts0_.title as title6_0_ from posts posts0_
Hibernate: delete from posts where id=?
]]></system-out>
  <system-err><![CDATA[]]></system-err>
</testsuite>
